\BOOKMARK [1][-]{section.1}{Normally distributed pseudo-random numbers}{}% 1
\BOOKMARK [2][-]{subsection.1.1}{RNG}{section.1}% 2
\BOOKMARK [2][-]{subsection.1.2}{Box-Muller method}{section.1}% 3
\BOOKMARK [2][-]{subsection.1.3}{KS-test}{section.1}% 4
\BOOKMARK [2][-]{subsection.1.4}{Kuiper's-test}{section.1}% 5
\BOOKMARK [2][-]{subsection.1.5}{Analysing a dataset}{section.1}% 6
\BOOKMARK [2][-]{subsection.1.6}{Scripts}{section.1}% 7
\BOOKMARK [1][-]{section.2}{Making an initial density field}{}% 8
\BOOKMARK [2][-]{subsection.2.1}{Scripts}{section.2}% 9
\BOOKMARK [1][-]{section.3}{Linear Structure Growth}{}% 10
\BOOKMARK [2][-]{subsection.3.1}{Scripts}{section.3}% 11
\BOOKMARK [1][-]{section.4}{Zeldovich approximation}{}% 12
\BOOKMARK [2][-]{subsection.4.1}{Calculating the linear growth factor to a given redshift.}{section.4}% 13
\BOOKMARK [2][-]{subsection.4.2}{Calculating the derivative of the linear growth factor at a given redshift}{section.4}% 14
\BOOKMARK [2][-]{subsection.4.3}{Evolution of a volume in 2D}{section.4}% 15
\BOOKMARK [2][-]{subsection.4.4}{Evolution of a volume in 3D}{section.4}% 16
\BOOKMARK [2][-]{subsection.4.5}{Scripts}{section.4}% 17
\BOOKMARK [1][-]{section.5}{Mass assignment schemes}{}% 18
\BOOKMARK [2][-]{subsection.5.1}{Nearest Gird Point method}{section.5}% 19
\BOOKMARK [2][-]{subsection.5.2}{Testing robustness}{section.5}% 20
\BOOKMARK [2][-]{subsection.5.3}{The Cloud in Cell method}{section.5}% 21
\BOOKMARK [2][-]{subsection.5.4}{1D Fast Fourier Transform Algorithm}{section.5}% 22
\BOOKMARK [2][-]{subsection.5.5}{2D and 3D Fast Fourier Transform Algorithms}{section.5}% 23
\BOOKMARK [2][-]{subsection.5.6}{Calculating the potential for the given particles}{section.5}% 24
\BOOKMARK [2][-]{subsection.5.7}{Calculating the potential gradient for the particles}{section.5}% 25
\BOOKMARK [2][-]{subsection.5.8}{Scripts}{section.5}% 26
\BOOKMARK [1][-]{section.6}{Classifying -ray bursts}{}% 27
\BOOKMARK [2][-]{subsection.6.1}{Scripts}{section.6}% 28
\BOOKMARK [1][-]{section.7}{Building a quadtree}{}% 29
\BOOKMARK [2][-]{subsection.7.1}{Scripts}{section.7}% 30
